<?xml version="1.0" encoding="UTF-8"?>
<testng-results ignored="0" total="19" passed="15" failed="4" skipped="0">
  <reporter-output>
  </reporter-output>
  <suite started-at="2021-04-14T14:37:59 IST" name="Default suite" finished-at="2021-04-14T14:56:32 IST" duration-ms="1112559">
    <groups>
    </groups>
    <test started-at="2021-04-14T14:37:59 IST" name="Default test" finished-at="2021-04-14T14:56:32 IST" duration-ms="1112559">
      <class name="com.bixbytes.bpmt.users.testcases.User_Details_Page_Testcases">
        <test-method is-config="true" signature="setUp()[pri:0, instance:com.bixbytes.bpmt.users.testcases.User_Details_Page_Testcases@49049a04]" started-at="2021-04-14T14:38:00 IST" name="setUp" finished-at="2021-04-14T14:38:13 IST" duration-ms="13798" status="PASS">
          <reporter-output>
          </reporter-output>
        </test-method> <!-- setUp -->
        <test-method signature="tc1_verify_personal_userdetails_info()[pri:1, instance:com.bixbytes.bpmt.users.testcases.User_Details_Page_Testcases@49049a04]" started-at="2021-04-14T14:38:14 IST" name="tc1_verify_personal_userdetails_info" finished-at="2021-04-14T14:38:29 IST" duration-ms="14895" status="PASS">
          <reporter-output>
          </reporter-output>
        </test-method> <!-- tc1_verify_personal_userdetails_info -->
        <test-method is-config="true" signature="teardown()[pri:0, instance:com.bixbytes.bpmt.users.testcases.User_Details_Page_Testcases@49049a04]" started-at="2021-04-14T14:38:29 IST" name="teardown" finished-at="2021-04-14T14:38:30 IST" duration-ms="983" status="PASS">
          <reporter-output>
          </reporter-output>
        </test-method> <!-- teardown -->
        <test-method is-config="true" signature="setUp()[pri:0, instance:com.bixbytes.bpmt.users.testcases.User_Details_Page_Testcases@49049a04]" started-at="2021-04-14T14:38:30 IST" name="setUp" finished-at="2021-04-14T14:38:43 IST" duration-ms="12569" status="PASS">
          <reporter-output>
          </reporter-output>
        </test-method> <!-- setUp -->
        <test-method signature="tc2_verify_employee_userdetails_info()[pri:2, instance:com.bixbytes.bpmt.users.testcases.User_Details_Page_Testcases@49049a04]" started-at="2021-04-14T14:38:43 IST" name="tc2_verify_employee_userdetails_info" finished-at="2021-04-14T14:38:55 IST" duration-ms="12421" status="PASS">
          <reporter-output>
          </reporter-output>
        </test-method> <!-- tc2_verify_employee_userdetails_info -->
        <test-method is-config="true" signature="teardown()[pri:0, instance:com.bixbytes.bpmt.users.testcases.User_Details_Page_Testcases@49049a04]" started-at="2021-04-14T14:38:55 IST" name="teardown" finished-at="2021-04-14T14:38:56 IST" duration-ms="994" status="PASS">
          <reporter-output>
          </reporter-output>
        </test-method> <!-- teardown -->
        <test-method is-config="true" signature="setUp()[pri:0, instance:com.bixbytes.bpmt.users.testcases.User_Details_Page_Testcases@49049a04]" started-at="2021-04-14T14:38:56 IST" name="setUp" finished-at="2021-04-14T14:39:07 IST" duration-ms="11198" status="PASS">
          <reporter-output>
          </reporter-output>
        </test-method> <!-- setUp -->
        <test-method signature="tc3_verify_employee_userdetails_user_progress_graph()[pri:3, instance:com.bixbytes.bpmt.users.testcases.User_Details_Page_Testcases@49049a04]" started-at="2021-04-14T14:39:07 IST" name="tc3_verify_employee_userdetails_user_progress_graph" finished-at="2021-04-14T14:39:17 IST" duration-ms="9707" status="PASS">
          <reporter-output>
          </reporter-output>
        </test-method> <!-- tc3_verify_employee_userdetails_user_progress_graph -->
        <test-method is-config="true" signature="teardown()[pri:0, instance:com.bixbytes.bpmt.users.testcases.User_Details_Page_Testcases@49049a04]" started-at="2021-04-14T14:39:17 IST" name="teardown" finished-at="2021-04-14T14:39:18 IST" duration-ms="1369" status="PASS">
          <reporter-output>
          </reporter-output>
        </test-method> <!-- teardown -->
      </class> <!-- com.bixbytes.bpmt.users.testcases.User_Details_Page_Testcases -->
      <class name="com.bixbytes.bpmt.users.testcases.User_Deletion_Testcases">
        <test-method is-config="true" signature="setUp()[pri:0, instance:com.bixbytes.bpmt.users.testcases.User_Deletion_Testcases@71a8adcf]" started-at="2021-04-14T14:39:18 IST" name="setUp" finished-at="2021-04-14T14:39:33 IST" duration-ms="14387" status="PASS">
          <reporter-output>
          </reporter-output>
        </test-method> <!-- setUp -->
        <test-method signature="tc1_valid_delete_user_test()[pri:1, instance:com.bixbytes.bpmt.users.testcases.User_Deletion_Testcases@71a8adcf]" started-at="2021-04-14T14:39:33 IST" name="tc1_valid_delete_user_test" finished-at="2021-04-14T14:39:46 IST" duration-ms="13604" status="PASS">
          <reporter-output>
          </reporter-output>
        </test-method> <!-- tc1_valid_delete_user_test -->
        <test-method is-config="true" signature="teardown()[pri:0, instance:com.bixbytes.bpmt.users.testcases.User_Deletion_Testcases@71a8adcf]" started-at="2021-04-14T14:39:46 IST" name="teardown" finished-at="2021-04-14T14:39:47 IST" duration-ms="957" status="PASS">
          <reporter-output>
          </reporter-output>
        </test-method> <!-- teardown -->
      </class> <!-- com.bixbytes.bpmt.users.testcases.User_Deletion_Testcases -->
      <class name="com.bixbytes.bpmt.users.testcases.Add_User_Error_Verification_Testcases">
        <test-method is-config="true" signature="setUp()[pri:0, instance:com.bixbytes.bpmt.users.testcases.Add_User_Error_Verification_Testcases@27462a88]" started-at="2021-04-14T14:39:47 IST" name="setUp" finished-at="2021-04-14T14:40:02 IST" duration-ms="14285" status="PASS">
          <reporter-output>
          </reporter-output>
        </test-method> <!-- setUp -->
        <test-method signature="tc1_verify_empty_error_messages_in_add_user_page_test()[pri:1, instance:com.bixbytes.bpmt.users.testcases.Add_User_Error_Verification_Testcases@27462a88]" started-at="2021-04-14T14:40:02 IST" name="tc1_verify_empty_error_messages_in_add_user_page_test" finished-at="2021-04-14T14:40:17 IST" duration-ms="14910" status="PASS">
          <reporter-output>
          </reporter-output>
        </test-method> <!-- tc1_verify_empty_error_messages_in_add_user_page_test -->
        <test-method is-config="true" signature="teardown()[pri:0, instance:com.bixbytes.bpmt.users.testcases.Add_User_Error_Verification_Testcases@27462a88]" started-at="2021-04-14T14:40:17 IST" name="teardown" finished-at="2021-04-14T14:40:18 IST" duration-ms="965" status="PASS">
          <reporter-output>
          </reporter-output>
        </test-method> <!-- teardown -->
        <test-method is-config="true" signature="setUp()[pri:0, instance:com.bixbytes.bpmt.users.testcases.Add_User_Error_Verification_Testcases@27462a88]" started-at="2021-04-14T14:40:18 IST" name="setUp" finished-at="2021-04-14T14:40:31 IST" duration-ms="13813" status="PASS">
          <reporter-output>
          </reporter-output>
        </test-method> <!-- setUp -->
        <test-method signature="tc2_verify_add_user_firstname_and_lastname_length_error_test()[pri:2, instance:com.bixbytes.bpmt.users.testcases.Add_User_Error_Verification_Testcases@27462a88]" started-at="2021-04-14T14:40:31 IST" name="tc2_verify_add_user_firstname_and_lastname_length_error_test" finished-at="2021-04-14T14:41:23 IST" duration-ms="51106" status="PASS">
          <reporter-output>
          </reporter-output>
        </test-method> <!-- tc2_verify_add_user_firstname_and_lastname_length_error_test -->
        <test-method is-config="true" signature="teardown()[pri:0, instance:com.bixbytes.bpmt.users.testcases.Add_User_Error_Verification_Testcases@27462a88]" started-at="2021-04-14T14:41:23 IST" name="teardown" finished-at="2021-04-14T14:41:23 IST" duration-ms="886" status="PASS">
          <reporter-output>
          </reporter-output>
        </test-method> <!-- teardown -->
        <test-method is-config="true" signature="setUp()[pri:0, instance:com.bixbytes.bpmt.users.testcases.Add_User_Error_Verification_Testcases@27462a88]" started-at="2021-04-14T14:41:23 IST" name="setUp" finished-at="2021-04-14T14:41:36 IST" duration-ms="12823" status="PASS">
          <reporter-output>
          </reporter-output>
        </test-method> <!-- setUp -->
        <test-method signature="tc3_verify_add_user_emailid_format_error_test()[pri:3, instance:com.bixbytes.bpmt.users.testcases.Add_User_Error_Verification_Testcases@27462a88]" started-at="2021-04-14T14:41:36 IST" name="tc3_verify_add_user_emailid_format_error_test" finished-at="2021-04-14T14:42:38 IST" duration-ms="61546" status="FAIL">
          <exception class="org.openqa.selenium.NoSuchElementException">
            <message>
              <![CDATA[no such element: Unable to locate element: {"method":"xpath","selector":"//span[contains(text(),'Please add a valid email')]"}
  (Session info: chrome=89.0.4389.114)
For documentation on this error, please visit: https://www.seleniumhq.org/exceptions/no_such_element.html
Build info: version: '3.141.59', revision: 'e82be7d358', time: '2018-11-14T08:17:03'
System info: host: 'DESKTOP-3DNI366', ip: '192.168.43.238', os.name: 'Windows 10', os.arch: 'amd64', os.version: '10.0', java.version: '15'
Driver info: org.openqa.selenium.chrome.ChromeDriver
Capabilities {acceptInsecureCerts: false, browserName: chrome, browserVersion: 89.0.4389.114, chrome: {chromedriverVersion: 89.0.4389.23 (61b08ee2c5002..., userDataDir: C:\Users\User\AppData\Local...}, goog:chromeOptions: {debuggerAddress: localhost:54141}, javascriptEnabled: true, networkConnectionEnabled: false, pageLoadStrategy: normal, platform: WINDOWS, platformName: WINDOWS, proxy: Proxy(), setWindowRect: true, strictFileInteractability: false, timeouts: {implicit: 0, pageLoad: 300000, script: 30000}, unhandledPromptBehavior: dismiss and notify, webauthn:extension:largeBlob: true, webauthn:virtualAuthenticators: true}
Session ID: 89e41f05233d1eae87def8e055e8b11f
*** Element info: {Using=xpath, value=//span[contains(text(),'Please add a valid email')]}]]>
            </message>
            <full-stacktrace>
              <![CDATA[org.openqa.selenium.NoSuchElementException: no such element: Unable to locate element: {"method":"xpath","selector":"//span[contains(text(),'Please add a valid email')]"}
  (Session info: chrome=89.0.4389.114)
For documentation on this error, please visit: https://www.seleniumhq.org/exceptions/no_such_element.html
Build info: version: '3.141.59', revision: 'e82be7d358', time: '2018-11-14T08:17:03'
System info: host: 'DESKTOP-3DNI366', ip: '192.168.43.238', os.name: 'Windows 10', os.arch: 'amd64', os.version: '10.0', java.version: '15'
Driver info: org.openqa.selenium.chrome.ChromeDriver
Capabilities {acceptInsecureCerts: false, browserName: chrome, browserVersion: 89.0.4389.114, chrome: {chromedriverVersion: 89.0.4389.23 (61b08ee2c5002..., userDataDir: C:\Users\User\AppData\Local...}, goog:chromeOptions: {debuggerAddress: localhost:54141}, javascriptEnabled: true, networkConnectionEnabled: false, pageLoadStrategy: normal, platform: WINDOWS, platformName: WINDOWS, proxy: Proxy(), setWindowRect: true, strictFileInteractability: false, timeouts: {implicit: 0, pageLoad: 300000, script: 30000}, unhandledPromptBehavior: dismiss and notify, webauthn:extension:largeBlob: true, webauthn:virtualAuthenticators: true}
Session ID: 89e41f05233d1eae87def8e055e8b11f
*** Element info: {Using=xpath, value=//span[contains(text(),'Please add a valid email')]}
at java.base/jdk.internal.reflect.NativeConstructorAccessorImpl.newInstance0(Native Method)
at java.base/jdk.internal.reflect.NativeConstructorAccessorImpl.newInstance(NativeConstructorAccessorImpl.java:64)
at java.base/jdk.internal.reflect.DelegatingConstructorAccessorImpl.newInstance(DelegatingConstructorAccessorImpl.java:45)
at java.base/java.lang.reflect.Constructor.newInstanceWithCaller(Constructor.java:500)
at java.base/java.lang.reflect.Constructor.newInstance(Constructor.java:481)
at org.openqa.selenium.remote.http.W3CHttpResponseCodec.createException(W3CHttpResponseCodec.java:187)
at org.openqa.selenium.remote.http.W3CHttpResponseCodec.decode(W3CHttpResponseCodec.java:122)
at org.openqa.selenium.remote.http.W3CHttpResponseCodec.decode(W3CHttpResponseCodec.java:49)
at org.openqa.selenium.remote.HttpCommandExecutor.execute(HttpCommandExecutor.java:158)
at org.openqa.selenium.remote.service.DriverCommandExecutor.execute(DriverCommandExecutor.java:83)
at org.openqa.selenium.remote.RemoteWebDriver.execute(RemoteWebDriver.java:552)
at org.openqa.selenium.remote.RemoteWebDriver.findElement(RemoteWebDriver.java:323)
at org.openqa.selenium.remote.RemoteWebDriver.findElementByXPath(RemoteWebDriver.java:428)
at org.openqa.selenium.By$ByXPath.findElement(By.java:353)
at org.openqa.selenium.remote.RemoteWebDriver.findElement(RemoteWebDriver.java:315)
at org.openqa.selenium.support.pagefactory.DefaultElementLocator.findElement(DefaultElementLocator.java:69)
at org.openqa.selenium.support.pagefactory.internal.LocatingElementHandler.invoke(LocatingElementHandler.java:38)
at com.sun.proxy.$Proxy12.getText(Unknown Source)
at com.bixbytes.bpmt.actionpages.UsersPage.verify_email_format_error(UsersPage.java:715)
at com.bixbytes.bpmt.users.testcases.Add_User_Error_Verification_Testcases.tc3_verify_add_user_emailid_format_error_test(Add_User_Error_Verification_Testcases.java:57)
at java.base/jdk.internal.reflect.NativeMethodAccessorImpl.invoke0(Native Method)
at java.base/jdk.internal.reflect.NativeMethodAccessorImpl.invoke(NativeMethodAccessorImpl.java:64)
at java.base/jdk.internal.reflect.DelegatingMethodAccessorImpl.invoke(DelegatingMethodAccessorImpl.java:43)
at java.base/java.lang.reflect.Method.invoke(Method.java:564)
at org.testng.internal.MethodInvocationHelper.invokeMethod(MethodInvocationHelper.java:132)
at org.testng.internal.TestInvoker.invokeMethod(TestInvoker.java:599)
at org.testng.internal.TestInvoker.invokeTestMethod(TestInvoker.java:174)
at org.testng.internal.MethodRunner.runInSequence(MethodRunner.java:46)
at org.testng.internal.TestInvoker$MethodInvocationAgent.invoke(TestInvoker.java:822)
at org.testng.internal.TestInvoker.invokeTestMethods(TestInvoker.java:147)
at org.testng.internal.TestMethodWorker.invokeTestMethods(TestMethodWorker.java:146)
at org.testng.internal.TestMethodWorker.run(TestMethodWorker.java:128)
at java.base/java.util.ArrayList.forEach(ArrayList.java:1511)
at org.testng.TestRunner.privateRun(TestRunner.java:764)
at org.testng.TestRunner.run(TestRunner.java:585)
at org.testng.SuiteRunner.runTest(SuiteRunner.java:384)
at org.testng.SuiteRunner.runSequentially(SuiteRunner.java:378)
at org.testng.SuiteRunner.privateRun(SuiteRunner.java:337)
at org.testng.SuiteRunner.run(SuiteRunner.java:286)
at org.testng.SuiteRunnerWorker.runSuite(SuiteRunnerWorker.java:53)
at org.testng.SuiteRunnerWorker.run(SuiteRunnerWorker.java:96)
at org.testng.TestNG.runSuitesSequentially(TestNG.java:1218)
at org.testng.TestNG.runSuitesLocally(TestNG.java:1140)
at org.testng.TestNG.runSuites(TestNG.java:1069)
at org.testng.TestNG.run(TestNG.java:1037)
at org.testng.remote.AbstractRemoteTestNG.run(AbstractRemoteTestNG.java:115)
at org.testng.remote.RemoteTestNG.initAndRun(RemoteTestNG.java:251)
at org.testng.remote.RemoteTestNG.main(RemoteTestNG.java:77)
]]>
            </full-stacktrace>
          </exception> <!-- org.openqa.selenium.NoSuchElementException -->
          <reporter-output>
          </reporter-output>
        </test-method> <!-- tc3_verify_add_user_emailid_format_error_test -->
        <test-method is-config="true" signature="teardown()[pri:0, instance:com.bixbytes.bpmt.users.testcases.Add_User_Error_Verification_Testcases@27462a88]" started-at="2021-04-14T14:42:38 IST" name="teardown" finished-at="2021-04-14T14:42:39 IST" duration-ms="945" status="PASS">
          <reporter-output>
          </reporter-output>
        </test-method> <!-- teardown -->
        <test-method is-config="true" signature="setUp()[pri:0, instance:com.bixbytes.bpmt.users.testcases.Add_User_Error_Verification_Testcases@27462a88]" started-at="2021-04-14T14:42:39 IST" name="setUp" finished-at="2021-04-14T14:42:51 IST" duration-ms="12570" status="PASS">
          <reporter-output>
          </reporter-output>
        </test-method> <!-- setUp -->
        <test-method signature="tc4_verify_add_user_mobile_no_format_error_test()[pri:4, instance:com.bixbytes.bpmt.users.testcases.Add_User_Error_Verification_Testcases@27462a88]" started-at="2021-04-14T14:42:51 IST" name="tc4_verify_add_user_mobile_no_format_error_test" finished-at="2021-04-14T14:43:58 IST" duration-ms="66854" status="FAIL">
          <exception class="org.openqa.selenium.NoSuchElementException">
            <message>
              <![CDATA[no such element: Unable to locate element: {"method":"xpath","selector":"//span[contains(text(),'Mobile No cannot exceed 12 letters.')]"}
  (Session info: chrome=89.0.4389.114)
For documentation on this error, please visit: https://www.seleniumhq.org/exceptions/no_such_element.html
Build info: version: '3.141.59', revision: 'e82be7d358', time: '2018-11-14T08:17:03'
System info: host: 'DESKTOP-3DNI366', ip: '192.168.43.238', os.name: 'Windows 10', os.arch: 'amd64', os.version: '10.0', java.version: '15'
Driver info: org.openqa.selenium.chrome.ChromeDriver
Capabilities {acceptInsecureCerts: false, browserName: chrome, browserVersion: 89.0.4389.114, chrome: {chromedriverVersion: 89.0.4389.23 (61b08ee2c5002..., userDataDir: C:\Users\User\AppData\Local...}, goog:chromeOptions: {debuggerAddress: localhost:54174}, javascriptEnabled: true, networkConnectionEnabled: false, pageLoadStrategy: normal, platform: WINDOWS, platformName: WINDOWS, proxy: Proxy(), setWindowRect: true, strictFileInteractability: false, timeouts: {implicit: 0, pageLoad: 300000, script: 30000}, unhandledPromptBehavior: dismiss and notify, webauthn:extension:largeBlob: true, webauthn:virtualAuthenticators: true}
Session ID: a396ec93b46cb068c339ad0df4ae6d7f
*** Element info: {Using=xpath, value=//span[contains(text(),'Mobile No cannot exceed 12 letters.')]}]]>
            </message>
            <full-stacktrace>
              <![CDATA[org.openqa.selenium.NoSuchElementException: no such element: Unable to locate element: {"method":"xpath","selector":"//span[contains(text(),'Mobile No cannot exceed 12 letters.')]"}
  (Session info: chrome=89.0.4389.114)
For documentation on this error, please visit: https://www.seleniumhq.org/exceptions/no_such_element.html
Build info: version: '3.141.59', revision: 'e82be7d358', time: '2018-11-14T08:17:03'
System info: host: 'DESKTOP-3DNI366', ip: '192.168.43.238', os.name: 'Windows 10', os.arch: 'amd64', os.version: '10.0', java.version: '15'
Driver info: org.openqa.selenium.chrome.ChromeDriver
Capabilities {acceptInsecureCerts: false, browserName: chrome, browserVersion: 89.0.4389.114, chrome: {chromedriverVersion: 89.0.4389.23 (61b08ee2c5002..., userDataDir: C:\Users\User\AppData\Local...}, goog:chromeOptions: {debuggerAddress: localhost:54174}, javascriptEnabled: true, networkConnectionEnabled: false, pageLoadStrategy: normal, platform: WINDOWS, platformName: WINDOWS, proxy: Proxy(), setWindowRect: true, strictFileInteractability: false, timeouts: {implicit: 0, pageLoad: 300000, script: 30000}, unhandledPromptBehavior: dismiss and notify, webauthn:extension:largeBlob: true, webauthn:virtualAuthenticators: true}
Session ID: a396ec93b46cb068c339ad0df4ae6d7f
*** Element info: {Using=xpath, value=//span[contains(text(),'Mobile No cannot exceed 12 letters.')]}
at java.base/jdk.internal.reflect.NativeConstructorAccessorImpl.newInstance0(Native Method)
at java.base/jdk.internal.reflect.NativeConstructorAccessorImpl.newInstance(NativeConstructorAccessorImpl.java:64)
at java.base/jdk.internal.reflect.DelegatingConstructorAccessorImpl.newInstance(DelegatingConstructorAccessorImpl.java:45)
at java.base/java.lang.reflect.Constructor.newInstanceWithCaller(Constructor.java:500)
at java.base/java.lang.reflect.Constructor.newInstance(Constructor.java:481)
at org.openqa.selenium.remote.http.W3CHttpResponseCodec.createException(W3CHttpResponseCodec.java:187)
at org.openqa.selenium.remote.http.W3CHttpResponseCodec.decode(W3CHttpResponseCodec.java:122)
at org.openqa.selenium.remote.http.W3CHttpResponseCodec.decode(W3CHttpResponseCodec.java:49)
at org.openqa.selenium.remote.HttpCommandExecutor.execute(HttpCommandExecutor.java:158)
at org.openqa.selenium.remote.service.DriverCommandExecutor.execute(DriverCommandExecutor.java:83)
at org.openqa.selenium.remote.RemoteWebDriver.execute(RemoteWebDriver.java:552)
at org.openqa.selenium.remote.RemoteWebDriver.findElement(RemoteWebDriver.java:323)
at org.openqa.selenium.remote.RemoteWebDriver.findElementByXPath(RemoteWebDriver.java:428)
at org.openqa.selenium.By$ByXPath.findElement(By.java:353)
at org.openqa.selenium.remote.RemoteWebDriver.findElement(RemoteWebDriver.java:315)
at org.openqa.selenium.support.pagefactory.DefaultElementLocator.findElement(DefaultElementLocator.java:69)
at org.openqa.selenium.support.pagefactory.internal.LocatingElementHandler.invoke(LocatingElementHandler.java:38)
at com.sun.proxy.$Proxy12.getText(Unknown Source)
at com.bixbytes.bpmt.actionpages.UsersPage.verify_mobileno_field_error(UsersPage.java:731)
at com.bixbytes.bpmt.users.testcases.Add_User_Error_Verification_Testcases.tc4_verify_add_user_mobile_no_format_error_test(Add_User_Error_Verification_Testcases.java:68)
at java.base/jdk.internal.reflect.NativeMethodAccessorImpl.invoke0(Native Method)
at java.base/jdk.internal.reflect.NativeMethodAccessorImpl.invoke(NativeMethodAccessorImpl.java:64)
at java.base/jdk.internal.reflect.DelegatingMethodAccessorImpl.invoke(DelegatingMethodAccessorImpl.java:43)
at java.base/java.lang.reflect.Method.invoke(Method.java:564)
at org.testng.internal.MethodInvocationHelper.invokeMethod(MethodInvocationHelper.java:132)
at org.testng.internal.TestInvoker.invokeMethod(TestInvoker.java:599)
at org.testng.internal.TestInvoker.invokeTestMethod(TestInvoker.java:174)
at org.testng.internal.MethodRunner.runInSequence(MethodRunner.java:46)
at org.testng.internal.TestInvoker$MethodInvocationAgent.invoke(TestInvoker.java:822)
at org.testng.internal.TestInvoker.invokeTestMethods(TestInvoker.java:147)
at org.testng.internal.TestMethodWorker.invokeTestMethods(TestMethodWorker.java:146)
at org.testng.internal.TestMethodWorker.run(TestMethodWorker.java:128)
at java.base/java.util.ArrayList.forEach(ArrayList.java:1511)
at org.testng.TestRunner.privateRun(TestRunner.java:764)
at org.testng.TestRunner.run(TestRunner.java:585)
at org.testng.SuiteRunner.runTest(SuiteRunner.java:384)
at org.testng.SuiteRunner.runSequentially(SuiteRunner.java:378)
at org.testng.SuiteRunner.privateRun(SuiteRunner.java:337)
at org.testng.SuiteRunner.run(SuiteRunner.java:286)
at org.testng.SuiteRunnerWorker.runSuite(SuiteRunnerWorker.java:53)
at org.testng.SuiteRunnerWorker.run(SuiteRunnerWorker.java:96)
at org.testng.TestNG.runSuitesSequentially(TestNG.java:1218)
at org.testng.TestNG.runSuitesLocally(TestNG.java:1140)
at org.testng.TestNG.runSuites(TestNG.java:1069)
at org.testng.TestNG.run(TestNG.java:1037)
at org.testng.remote.AbstractRemoteTestNG.run(AbstractRemoteTestNG.java:115)
at org.testng.remote.RemoteTestNG.initAndRun(RemoteTestNG.java:251)
at org.testng.remote.RemoteTestNG.main(RemoteTestNG.java:77)
]]>
            </full-stacktrace>
          </exception> <!-- org.openqa.selenium.NoSuchElementException -->
          <reporter-output>
          </reporter-output>
        </test-method> <!-- tc4_verify_add_user_mobile_no_format_error_test -->
        <test-method is-config="true" signature="teardown()[pri:0, instance:com.bixbytes.bpmt.users.testcases.Add_User_Error_Verification_Testcases@27462a88]" started-at="2021-04-14T14:43:58 IST" name="teardown" finished-at="2021-04-14T14:43:59 IST" duration-ms="1068" status="PASS">
          <reporter-output>
          </reporter-output>
        </test-method> <!-- teardown -->
        <test-method is-config="true" signature="setUp()[pri:0, instance:com.bixbytes.bpmt.users.testcases.Add_User_Error_Verification_Testcases@27462a88]" started-at="2021-04-14T14:43:59 IST" name="setUp" finished-at="2021-04-14T14:44:11 IST" duration-ms="11359" status="PASS">
          <reporter-output>
          </reporter-output>
        </test-method> <!-- setUp -->
        <test-method signature="tc5_verify_add_user_address_and_bloodgroup_length_error_test()[pri:5, instance:com.bixbytes.bpmt.users.testcases.Add_User_Error_Verification_Testcases@27462a88]" started-at="2021-04-14T14:44:11 IST" name="tc5_verify_add_user_address_and_bloodgroup_length_error_test" finished-at="2021-04-14T14:45:05 IST" duration-ms="54363" status="PASS">
          <reporter-output>
          </reporter-output>
        </test-method> <!-- tc5_verify_add_user_address_and_bloodgroup_length_error_test -->
        <test-method is-config="true" signature="teardown()[pri:0, instance:com.bixbytes.bpmt.users.testcases.Add_User_Error_Verification_Testcases@27462a88]" started-at="2021-04-14T14:45:05 IST" name="teardown" finished-at="2021-04-14T14:45:06 IST" duration-ms="963" status="PASS">
          <reporter-output>
          </reporter-output>
        </test-method> <!-- teardown -->
        <test-method is-config="true" signature="setUp()[pri:0, instance:com.bixbytes.bpmt.users.testcases.Add_User_Error_Verification_Testcases@27462a88]" started-at="2021-04-14T14:45:06 IST" name="setUp" finished-at="2021-04-14T14:45:19 IST" duration-ms="13007" status="PASS">
          <reporter-output>
          </reporter-output>
        </test-method> <!-- setUp -->
        <test-method signature="tc6_verify_add_user_employee_id_length_error_test()[pri:6, instance:com.bixbytes.bpmt.users.testcases.Add_User_Error_Verification_Testcases@27462a88]" started-at="2021-04-14T14:45:19 IST" name="tc6_verify_add_user_employee_id_length_error_test" finished-at="2021-04-14T14:45:33 IST" duration-ms="14337" status="PASS">
          <reporter-output>
          </reporter-output>
        </test-method> <!-- tc6_verify_add_user_employee_id_length_error_test -->
        <test-method is-config="true" signature="teardown()[pri:0, instance:com.bixbytes.bpmt.users.testcases.Add_User_Error_Verification_Testcases@27462a88]" started-at="2021-04-14T14:45:33 IST" name="teardown" finished-at="2021-04-14T14:45:35 IST" duration-ms="1147" status="PASS">
          <reporter-output>
          </reporter-output>
        </test-method> <!-- teardown -->
        <test-method is-config="true" signature="setUp()[pri:0, instance:com.bixbytes.bpmt.users.testcases.Add_User_Error_Verification_Testcases@27462a88]" started-at="2021-04-14T14:45:35 IST" name="setUp" finished-at="2021-04-14T14:45:47 IST" duration-ms="12746" status="PASS">
          <reporter-output>
          </reporter-output>
        </test-method> <!-- setUp -->
        <test-method signature="tc7_verify_add_user_duplicate_data_errors()[pri:7, instance:com.bixbytes.bpmt.users.testcases.Add_User_Error_Verification_Testcases@27462a88]" started-at="2021-04-14T14:45:47 IST" name="tc7_verify_add_user_duplicate_data_errors" finished-at="2021-04-14T14:47:11 IST" duration-ms="83764" status="FAIL">
          <exception class="org.openqa.selenium.NoSuchElementException">
            <message>
              <![CDATA[no such element: Unable to locate element: {"method":"xpath","selector":"//li[contains(text(),'The mobile no has already been taken.')]"}
  (Session info: chrome=89.0.4389.114)
For documentation on this error, please visit: https://www.seleniumhq.org/exceptions/no_such_element.html
Build info: version: '3.141.59', revision: 'e82be7d358', time: '2018-11-14T08:17:03'
System info: host: 'DESKTOP-3DNI366', ip: '192.168.43.238', os.name: 'Windows 10', os.arch: 'amd64', os.version: '10.0', java.version: '15'
Driver info: org.openqa.selenium.chrome.ChromeDriver
Capabilities {acceptInsecureCerts: false, browserName: chrome, browserVersion: 89.0.4389.114, chrome: {chromedriverVersion: 89.0.4389.23 (61b08ee2c5002..., userDataDir: C:\Users\User\AppData\Local...}, goog:chromeOptions: {debuggerAddress: localhost:54266}, javascriptEnabled: true, networkConnectionEnabled: false, pageLoadStrategy: normal, platform: WINDOWS, platformName: WINDOWS, proxy: Proxy(), setWindowRect: true, strictFileInteractability: false, timeouts: {implicit: 0, pageLoad: 300000, script: 30000}, unhandledPromptBehavior: dismiss and notify, webauthn:extension:largeBlob: true, webauthn:virtualAuthenticators: true}
Session ID: 4c3e335416246098275d8097fb993452
*** Element info: {Using=xpath, value=//li[contains(text(),'The mobile no has already been taken.')]}]]>
            </message>
            <full-stacktrace>
              <![CDATA[org.openqa.selenium.NoSuchElementException: no such element: Unable to locate element: {"method":"xpath","selector":"//li[contains(text(),'The mobile no has already been taken.')]"}
  (Session info: chrome=89.0.4389.114)
For documentation on this error, please visit: https://www.seleniumhq.org/exceptions/no_such_element.html
Build info: version: '3.141.59', revision: 'e82be7d358', time: '2018-11-14T08:17:03'
System info: host: 'DESKTOP-3DNI366', ip: '192.168.43.238', os.name: 'Windows 10', os.arch: 'amd64', os.version: '10.0', java.version: '15'
Driver info: org.openqa.selenium.chrome.ChromeDriver
Capabilities {acceptInsecureCerts: false, browserName: chrome, browserVersion: 89.0.4389.114, chrome: {chromedriverVersion: 89.0.4389.23 (61b08ee2c5002..., userDataDir: C:\Users\User\AppData\Local...}, goog:chromeOptions: {debuggerAddress: localhost:54266}, javascriptEnabled: true, networkConnectionEnabled: false, pageLoadStrategy: normal, platform: WINDOWS, platformName: WINDOWS, proxy: Proxy(), setWindowRect: true, strictFileInteractability: false, timeouts: {implicit: 0, pageLoad: 300000, script: 30000}, unhandledPromptBehavior: dismiss and notify, webauthn:extension:largeBlob: true, webauthn:virtualAuthenticators: true}
Session ID: 4c3e335416246098275d8097fb993452
*** Element info: {Using=xpath, value=//li[contains(text(),'The mobile no has already been taken.')]}
at java.base/jdk.internal.reflect.NativeConstructorAccessorImpl.newInstance0(Native Method)
at java.base/jdk.internal.reflect.NativeConstructorAccessorImpl.newInstance(NativeConstructorAccessorImpl.java:64)
at java.base/jdk.internal.reflect.DelegatingConstructorAccessorImpl.newInstance(DelegatingConstructorAccessorImpl.java:45)
at java.base/java.lang.reflect.Constructor.newInstanceWithCaller(Constructor.java:500)
at java.base/java.lang.reflect.Constructor.newInstance(Constructor.java:481)
at org.openqa.selenium.remote.http.W3CHttpResponseCodec.createException(W3CHttpResponseCodec.java:187)
at org.openqa.selenium.remote.http.W3CHttpResponseCodec.decode(W3CHttpResponseCodec.java:122)
at org.openqa.selenium.remote.http.W3CHttpResponseCodec.decode(W3CHttpResponseCodec.java:49)
at org.openqa.selenium.remote.HttpCommandExecutor.execute(HttpCommandExecutor.java:158)
at org.openqa.selenium.remote.service.DriverCommandExecutor.execute(DriverCommandExecutor.java:83)
at org.openqa.selenium.remote.RemoteWebDriver.execute(RemoteWebDriver.java:552)
at org.openqa.selenium.remote.RemoteWebDriver.findElement(RemoteWebDriver.java:323)
at org.openqa.selenium.remote.RemoteWebDriver.findElementByXPath(RemoteWebDriver.java:428)
at org.openqa.selenium.By$ByXPath.findElement(By.java:353)
at org.openqa.selenium.remote.RemoteWebDriver.findElement(RemoteWebDriver.java:315)
at org.openqa.selenium.support.pagefactory.DefaultElementLocator.findElement(DefaultElementLocator.java:69)
at org.openqa.selenium.support.pagefactory.internal.LocatingElementHandler.invoke(LocatingElementHandler.java:38)
at com.sun.proxy.$Proxy12.getText(Unknown Source)
at com.bixbytes.bpmt.actionpages.UsersPage.duplicate_mobile_no(UsersPage.java:756)
at com.bixbytes.bpmt.users.testcases.Add_User_Error_Verification_Testcases.tc7_verify_add_user_duplicate_data_errors(Add_User_Error_Verification_Testcases.java:113)
at java.base/jdk.internal.reflect.NativeMethodAccessorImpl.invoke0(Native Method)
at java.base/jdk.internal.reflect.NativeMethodAccessorImpl.invoke(NativeMethodAccessorImpl.java:64)
at java.base/jdk.internal.reflect.DelegatingMethodAccessorImpl.invoke(DelegatingMethodAccessorImpl.java:43)
at java.base/java.lang.reflect.Method.invoke(Method.java:564)
at org.testng.internal.MethodInvocationHelper.invokeMethod(MethodInvocationHelper.java:132)
at org.testng.internal.TestInvoker.invokeMethod(TestInvoker.java:599)
at org.testng.internal.TestInvoker.invokeTestMethod(TestInvoker.java:174)
at org.testng.internal.MethodRunner.runInSequence(MethodRunner.java:46)
at org.testng.internal.TestInvoker$MethodInvocationAgent.invoke(TestInvoker.java:822)
at org.testng.internal.TestInvoker.invokeTestMethods(TestInvoker.java:147)
at org.testng.internal.TestMethodWorker.invokeTestMethods(TestMethodWorker.java:146)
at org.testng.internal.TestMethodWorker.run(TestMethodWorker.java:128)
at java.base/java.util.ArrayList.forEach(ArrayList.java:1511)
at org.testng.TestRunner.privateRun(TestRunner.java:764)
at org.testng.TestRunner.run(TestRunner.java:585)
at org.testng.SuiteRunner.runTest(SuiteRunner.java:384)
at org.testng.SuiteRunner.runSequentially(SuiteRunner.java:378)
at org.testng.SuiteRunner.privateRun(SuiteRunner.java:337)
at org.testng.SuiteRunner.run(SuiteRunner.java:286)
at org.testng.SuiteRunnerWorker.runSuite(SuiteRunnerWorker.java:53)
at org.testng.SuiteRunnerWorker.run(SuiteRunnerWorker.java:96)
at org.testng.TestNG.runSuitesSequentially(TestNG.java:1218)
at org.testng.TestNG.runSuitesLocally(TestNG.java:1140)
at org.testng.TestNG.runSuites(TestNG.java:1069)
at org.testng.TestNG.run(TestNG.java:1037)
at org.testng.remote.AbstractRemoteTestNG.run(AbstractRemoteTestNG.java:115)
at org.testng.remote.RemoteTestNG.initAndRun(RemoteTestNG.java:251)
at org.testng.remote.RemoteTestNG.main(RemoteTestNG.java:77)
]]>
            </full-stacktrace>
          </exception> <!-- org.openqa.selenium.NoSuchElementException -->
          <reporter-output>
          </reporter-output>
        </test-method> <!-- tc7_verify_add_user_duplicate_data_errors -->
        <test-method is-config="true" signature="teardown()[pri:0, instance:com.bixbytes.bpmt.users.testcases.Add_User_Error_Verification_Testcases@27462a88]" started-at="2021-04-14T14:47:11 IST" name="teardown" finished-at="2021-04-14T14:47:12 IST" duration-ms="909" status="PASS">
          <reporter-output>
          </reporter-output>
        </test-method> <!-- teardown -->
      </class> <!-- com.bixbytes.bpmt.users.testcases.Add_User_Error_Verification_Testcases -->
      <class name="com.bixbytes.bpmt.users.testcases.User_Search_Testcases">
        <test-method is-config="true" signature="setUp()[pri:0, instance:com.bixbytes.bpmt.users.testcases.User_Search_Testcases@659499f1]" started-at="2021-04-14T14:47:49 IST" name="setUp" finished-at="2021-04-14T14:48:00 IST" duration-ms="10342" status="PASS">
          <reporter-output>
          </reporter-output>
        </test-method> <!-- setUp -->
        <test-method signature="tc1_valid_usersearch()[pri:1, instance:com.bixbytes.bpmt.users.testcases.User_Search_Testcases@659499f1]" started-at="2021-04-14T14:48:00 IST" name="tc1_valid_usersearch" finished-at="2021-04-14T14:48:17 IST" duration-ms="17278" status="FAIL">
          <exception class="java.lang.AssertionError">
            <message>
              <![CDATA[expected [AutomationYuVNDb Test] but found [Admin]]]>
            </message>
            <full-stacktrace>
              <![CDATA[java.lang.AssertionError: expected [AutomationYuVNDb Test] but found [Admin]
at org.testng.Assert.fail(Assert.java:99)
at org.testng.Assert.failNotEquals(Assert.java:1037)
at org.testng.Assert.assertEqualsImpl(Assert.java:140)
at org.testng.Assert.assertEquals(Assert.java:122)
at org.testng.Assert.assertEquals(Assert.java:629)
at org.testng.Assert.assertEquals(Assert.java:639)
at com.bixbytes.bpmt.users.testcases.User_Search_Testcases.tc1_valid_usersearch(User_Search_Testcases.java:26)
at java.base/jdk.internal.reflect.NativeMethodAccessorImpl.invoke0(Native Method)
at java.base/jdk.internal.reflect.NativeMethodAccessorImpl.invoke(NativeMethodAccessorImpl.java:64)
at java.base/jdk.internal.reflect.DelegatingMethodAccessorImpl.invoke(DelegatingMethodAccessorImpl.java:43)
at java.base/java.lang.reflect.Method.invoke(Method.java:564)
at org.testng.internal.MethodInvocationHelper.invokeMethod(MethodInvocationHelper.java:132)
at org.testng.internal.TestInvoker.invokeMethod(TestInvoker.java:599)
at org.testng.internal.TestInvoker.invokeTestMethod(TestInvoker.java:174)
at org.testng.internal.MethodRunner.runInSequence(MethodRunner.java:46)
at org.testng.internal.TestInvoker$MethodInvocationAgent.invoke(TestInvoker.java:822)
at org.testng.internal.TestInvoker.invokeTestMethods(TestInvoker.java:147)
at org.testng.internal.TestMethodWorker.invokeTestMethods(TestMethodWorker.java:146)
at org.testng.internal.TestMethodWorker.run(TestMethodWorker.java:128)
at java.base/java.util.ArrayList.forEach(ArrayList.java:1511)
at org.testng.TestRunner.privateRun(TestRunner.java:764)
at org.testng.TestRunner.run(TestRunner.java:585)
at org.testng.SuiteRunner.runTest(SuiteRunner.java:384)
at org.testng.SuiteRunner.runSequentially(SuiteRunner.java:378)
at org.testng.SuiteRunner.privateRun(SuiteRunner.java:337)
at org.testng.SuiteRunner.run(SuiteRunner.java:286)
at org.testng.SuiteRunnerWorker.runSuite(SuiteRunnerWorker.java:53)
at org.testng.SuiteRunnerWorker.run(SuiteRunnerWorker.java:96)
at org.testng.TestNG.runSuitesSequentially(TestNG.java:1218)
at org.testng.TestNG.runSuitesLocally(TestNG.java:1140)
at org.testng.TestNG.runSuites(TestNG.java:1069)
at org.testng.TestNG.run(TestNG.java:1037)
at org.testng.remote.AbstractRemoteTestNG.run(AbstractRemoteTestNG.java:115)
at org.testng.remote.RemoteTestNG.initAndRun(RemoteTestNG.java:251)
at org.testng.remote.RemoteTestNG.main(RemoteTestNG.java:77)
]]>
            </full-stacktrace>
          </exception> <!-- java.lang.AssertionError -->
          <reporter-output>
          </reporter-output>
        </test-method> <!-- tc1_valid_usersearch -->
        <test-method is-config="true" signature="teardown()[pri:0, instance:com.bixbytes.bpmt.users.testcases.User_Search_Testcases@659499f1]" started-at="2021-04-14T14:48:17 IST" name="teardown" finished-at="2021-04-14T14:48:18 IST" duration-ms="907" status="PASS">
          <reporter-output>
          </reporter-output>
        </test-method> <!-- teardown -->
        <test-method is-config="true" signature="setUp()[pri:0, instance:com.bixbytes.bpmt.users.testcases.User_Search_Testcases@659499f1]" started-at="2021-04-14T14:48:18 IST" name="setUp" finished-at="2021-04-14T14:48:29 IST" duration-ms="10633" status="PASS">
          <reporter-output>
          </reporter-output>
        </test-method> <!-- setUp -->
        <test-method signature="tc2_invalid_usersearch()[pri:2, instance:com.bixbytes.bpmt.users.testcases.User_Search_Testcases@659499f1]" started-at="2021-04-14T14:48:29 IST" name="tc2_invalid_usersearch" finished-at="2021-04-14T14:48:46 IST" duration-ms="17112" status="PASS">
          <reporter-output>
          </reporter-output>
        </test-method> <!-- tc2_invalid_usersearch -->
        <test-method is-config="true" signature="teardown()[pri:0, instance:com.bixbytes.bpmt.users.testcases.User_Search_Testcases@659499f1]" started-at="2021-04-14T14:48:46 IST" name="teardown" finished-at="2021-04-14T14:48:47 IST" duration-ms="1013" status="PASS">
          <reporter-output>
          </reporter-output>
        </test-method> <!-- teardown -->
      </class> <!-- com.bixbytes.bpmt.users.testcases.User_Search_Testcases -->
      <class name="com.bixbytes.bpmt.users.testcases.Update_User_Testcase">
        <test-method is-config="true" signature="setUp()[pri:0, instance:com.bixbytes.bpmt.users.testcases.Update_User_Testcase@82de64a]" started-at="2021-04-14T14:47:12 IST" name="setUp" finished-at="2021-04-14T14:47:25 IST" duration-ms="12801" status="PASS">
          <reporter-output>
          </reporter-output>
        </test-method> <!-- setUp -->
        <test-method signature="tc1_update_user()[pri:0, instance:com.bixbytes.bpmt.users.testcases.Update_User_Testcase@82de64a]" started-at="2021-04-14T14:47:25 IST" name="tc1_update_user" finished-at="2021-04-14T14:47:48 IST" duration-ms="23485" status="PASS">
          <reporter-output>
          </reporter-output>
        </test-method> <!-- tc1_update_user -->
        <test-method is-config="true" signature="teardown()[pri:0, instance:com.bixbytes.bpmt.users.testcases.Update_User_Testcase@82de64a]" started-at="2021-04-14T14:47:48 IST" name="teardown" finished-at="2021-04-14T14:47:49 IST" duration-ms="957" status="PASS">
          <reporter-output>
          </reporter-output>
        </test-method> <!-- teardown -->
      </class> <!-- com.bixbytes.bpmt.users.testcases.Update_User_Testcase -->
      <class name="com.bixbytes.bpmt.users.testcases.Add_User_Positive_Testcases">
        <test-method is-config="true" signature="setUp()[pri:0, instance:com.bixbytes.bpmt.users.testcases.Add_User_Positive_Testcases@51e69659]" started-at="2021-04-14T14:48:47 IST" name="setUp" finished-at="2021-04-14T14:49:02 IST" duration-ms="15173" status="PASS">
          <reporter-output>
          </reporter-output>
        </test-method> <!-- setUp -->
        <test-method signature="tc1_add_admin_user_test()[pri:1, instance:com.bixbytes.bpmt.users.testcases.Add_User_Positive_Testcases@51e69659]" started-at="2021-04-14T14:49:02 IST" name="tc1_add_admin_user_test" finished-at="2021-04-14T14:50:22 IST" duration-ms="80040" status="PASS">
          <reporter-output>
          </reporter-output>
        </test-method> <!-- tc1_add_admin_user_test -->
        <test-method is-config="true" signature="teardown()[pri:0, instance:com.bixbytes.bpmt.users.testcases.Add_User_Positive_Testcases@51e69659]" started-at="2021-04-14T14:50:22 IST" name="teardown" finished-at="2021-04-14T14:50:23 IST" duration-ms="982" status="PASS">
          <reporter-output>
          </reporter-output>
        </test-method> <!-- teardown -->
        <test-method is-config="true" signature="setUp()[pri:0, instance:com.bixbytes.bpmt.users.testcases.Add_User_Positive_Testcases@51e69659]" started-at="2021-04-14T14:50:23 IST" name="setUp" finished-at="2021-04-14T14:50:40 IST" duration-ms="17447" status="PASS">
          <reporter-output>
          </reporter-output>
        </test-method> <!-- setUp -->
        <test-method signature="tc2_add_sales_user_test()[pri:2, instance:com.bixbytes.bpmt.users.testcases.Add_User_Positive_Testcases@51e69659]" started-at="2021-04-14T14:50:40 IST" name="tc2_add_sales_user_test" finished-at="2021-04-14T14:51:59 IST" duration-ms="78372" status="PASS">
          <reporter-output>
          </reporter-output>
        </test-method> <!-- tc2_add_sales_user_test -->
        <test-method is-config="true" signature="teardown()[pri:0, instance:com.bixbytes.bpmt.users.testcases.Add_User_Positive_Testcases@51e69659]" started-at="2021-04-14T14:51:59 IST" name="teardown" finished-at="2021-04-14T14:52:00 IST" duration-ms="1008" status="PASS">
          <reporter-output>
          </reporter-output>
        </test-method> <!-- teardown -->
        <test-method is-config="true" signature="setUp()[pri:0, instance:com.bixbytes.bpmt.users.testcases.Add_User_Positive_Testcases@51e69659]" started-at="2021-04-14T14:52:00 IST" name="setUp" finished-at="2021-04-14T14:52:14 IST" duration-ms="14504" status="PASS">
          <reporter-output>
          </reporter-output>
        </test-method> <!-- setUp -->
        <test-method signature="tc3_add_management_user_test()[pri:3, instance:com.bixbytes.bpmt.users.testcases.Add_User_Positive_Testcases@51e69659]" started-at="2021-04-14T14:52:14 IST" name="tc3_add_management_user_test" finished-at="2021-04-14T14:53:30 IST" duration-ms="75785" status="PASS">
          <reporter-output>
          </reporter-output>
        </test-method> <!-- tc3_add_management_user_test -->
        <test-method is-config="true" signature="teardown()[pri:0, instance:com.bixbytes.bpmt.users.testcases.Add_User_Positive_Testcases@51e69659]" started-at="2021-04-14T14:53:30 IST" name="teardown" finished-at="2021-04-14T14:53:31 IST" duration-ms="969" status="PASS">
          <reporter-output>
          </reporter-output>
        </test-method> <!-- teardown -->
        <test-method is-config="true" signature="setUp()[pri:0, instance:com.bixbytes.bpmt.users.testcases.Add_User_Positive_Testcases@51e69659]" started-at="2021-04-14T14:53:31 IST" name="setUp" finished-at="2021-04-14T14:53:43 IST" duration-ms="12308" status="PASS">
          <reporter-output>
          </reporter-output>
        </test-method> <!-- setUp -->
        <test-method signature="tc4_add_lead_user_test()[pri:4, instance:com.bixbytes.bpmt.users.testcases.Add_User_Positive_Testcases@51e69659]" started-at="2021-04-14T14:53:43 IST" name="tc4_add_lead_user_test" finished-at="2021-04-14T14:55:02 IST" duration-ms="78200" status="PASS">
          <reporter-output>
          </reporter-output>
        </test-method> <!-- tc4_add_lead_user_test -->
        <test-method is-config="true" signature="teardown()[pri:0, instance:com.bixbytes.bpmt.users.testcases.Add_User_Positive_Testcases@51e69659]" started-at="2021-04-14T14:55:02 IST" name="teardown" finished-at="2021-04-14T14:55:03 IST" duration-ms="1051" status="PASS">
          <reporter-output>
          </reporter-output>
        </test-method> <!-- teardown -->
        <test-method is-config="true" signature="setUp()[pri:0, instance:com.bixbytes.bpmt.users.testcases.Add_User_Positive_Testcases@51e69659]" started-at="2021-04-14T14:55:03 IST" name="setUp" finished-at="2021-04-14T14:55:14 IST" duration-ms="11551" status="PASS">
          <reporter-output>
          </reporter-output>
        </test-method> <!-- setUp -->
        <test-method signature="tc5_add_member_user_test()[pri:5, instance:com.bixbytes.bpmt.users.testcases.Add_User_Positive_Testcases@51e69659]" started-at="2021-04-14T14:55:14 IST" name="tc5_add_member_user_test" finished-at="2021-04-14T14:56:31 IST" duration-ms="76801" status="PASS">
          <reporter-output>
          </reporter-output>
        </test-method> <!-- tc5_add_member_user_test -->
        <test-method is-config="true" signature="teardown()[pri:0, instance:com.bixbytes.bpmt.users.testcases.Add_User_Positive_Testcases@51e69659]" started-at="2021-04-14T14:56:31 IST" name="teardown" finished-at="2021-04-14T14:56:32 IST" duration-ms="969" status="PASS">
          <reporter-output>
          </reporter-output>
        </test-method> <!-- teardown -->
      </class> <!-- com.bixbytes.bpmt.users.testcases.Add_User_Positive_Testcases -->
    </test> <!-- Default test -->
  </suite> <!-- Default suite -->
</testng-results>
