<?xml version="1.0" encoding="UTF-8"?>
<!-- Generated by org.testng.reporters.JUnitReportReporter -->
<testsuite hostname="DESKTOP-3DNI366" failures="0" tests="6" name="com.bixbytes.bpmt.sales.testcases.Customer_Testcases" time="212.261" errors="1" timestamp="2021-04-14T11:22:11 IST" skipped="0">
  <testcase classname="com.bixbytes.bpmt.sales.testcases.Customer_Testcases" name="tc1_add_new_customer" time="51.432"/>
  <system-out/>
  <testcase classname="com.bixbytes.bpmt.sales.testcases.Customer_Testcases" name="tc2_new_customer_errors" time="32.198"/>
  <system-out/>
  <testcase classname="com.bixbytes.bpmt.sales.testcases.Customer_Testcases" name="tc5_edit_customer" time="27.073">
    <error message="Index 2 out of bounds for length 2" type="java.lang.ArrayIndexOutOfBoundsException">
      <![CDATA[java.lang.ArrayIndexOutOfBoundsException: Index 2 out of bounds for length 2
at com.bixbytes.bpmt.actionpages.SalesPage.edit_customer(SalesPage.java:730)
at com.bixbytes.bpmt.sales.testcases.Customer_Testcases.tc5_edit_customer(Customer_Testcases.java:61)
at java.base/jdk.internal.reflect.NativeMethodAccessorImpl.invoke0(Native Method)
at java.base/jdk.internal.reflect.NativeMethodAccessorImpl.invoke(NativeMethodAccessorImpl.java:64)
at java.base/jdk.internal.reflect.DelegatingMethodAccessorImpl.invoke(DelegatingMethodAccessorImpl.java:43)
at java.base/java.lang.reflect.Method.invoke(Method.java:564)
at org.testng.internal.MethodInvocationHelper.invokeMethod(MethodInvocationHelper.java:132)
at org.testng.internal.TestInvoker.invokeMethod(TestInvoker.java:599)
at org.testng.internal.TestInvoker.invokeTestMethod(TestInvoker.java:174)
at org.testng.internal.MethodRunner.runInSequence(MethodRunner.java:46)
at org.testng.internal.TestInvoker$MethodInvocationAgent.invoke(TestInvoker.java:822)
at org.testng.internal.TestInvoker.invokeTestMethods(TestInvoker.java:147)
at org.testng.internal.TestMethodWorker.invokeTestMethods(TestMethodWorker.java:146)
at org.testng.internal.TestMethodWorker.run(TestMethodWorker.java:128)
at java.base/java.util.ArrayList.forEach(ArrayList.java:1511)
at org.testng.TestRunner.privateRun(TestRunner.java:764)
at org.testng.TestRunner.run(TestRunner.java:585)
at org.testng.SuiteRunner.runTest(SuiteRunner.java:384)
at org.testng.SuiteRunner.runSequentially(SuiteRunner.java:378)
at org.testng.SuiteRunner.privateRun(SuiteRunner.java:337)
at org.testng.SuiteRunner.run(SuiteRunner.java:286)
at org.testng.SuiteRunnerWorker.runSuite(SuiteRunnerWorker.java:53)
at org.testng.SuiteRunnerWorker.run(SuiteRunnerWorker.java:96)
at org.testng.TestNG.runSuitesSequentially(TestNG.java:1218)
at org.testng.TestNG.runSuitesLocally(TestNG.java:1140)
at org.testng.TestNG.runSuites(TestNG.java:1069)
at org.testng.TestNG.run(TestNG.java:1037)
at org.testng.remote.AbstractRemoteTestNG.run(AbstractRemoteTestNG.java:115)
at org.testng.remote.RemoteTestNG.initAndRun(RemoteTestNG.java:251)
at org.testng.remote.RemoteTestNG.main(RemoteTestNG.java:77)
]]>
    </error>
  </testcase> <!-- tc5_edit_customer -->
  <system-out/>
  <testcase classname="com.bixbytes.bpmt.sales.testcases.Customer_Testcases" name="tc5_export_customerlist_to_excel" time="32.139"/>
  <system-out/>
  <testcase classname="com.bixbytes.bpmt.sales.testcases.Customer_Testcases" name="tc6_export_customerlist_to_pdf" time="35.877"/>
  <system-out/>
  <testcase classname="com.bixbytes.bpmt.sales.testcases.Customer_Testcases" name="tc7_delete_customer" time="33.542"/>
  <system-out/>
</testsuite> <!-- com.bixbytes.bpmt.sales.testcases.Customer_Testcases -->
